<?xml version="1.0" encoding="UTF-8"?>
<!-- Generated by org.testng.reporters.JUnitReportReporter -->
<testsuite name="com.ingenio.eprashasan.english.full.testsuits.development.Staff" tests="1" time="16.141" ignored="17" failures="0" timestamp="10 May 2019 07:11:00 GMT" skipped="0" hostname="admin-PC" errors="1">
  <testcase name="TC_Staff_sett_02" time="16.141" classname="com.ingenio.eprashasan.english.full.testsuits.development.Staff">
    <error/>
  </testcase> <!-- TC_Staff_sett_02 -->
  <testcase name="TC_Staff_sett_27" classname="com.ingenio.eprashasan.english.full.testsuits.development.Staff">
    <skipped/>
  </testcase> <!-- TC_Staff_sett_27 -->
  <testcase name="TC_Staff_sett_05" classname="com.ingenio.eprashasan.english.full.testsuits.development.Staff">
    <skipped/>
  </testcase> <!-- TC_Staff_sett_05 -->
  <testcase name="TC_Staff_sett_06" classname="com.ingenio.eprashasan.english.full.testsuits.development.Staff">
    <skipped/>
  </testcase> <!-- TC_Staff_sett_06 -->
  <testcase name="TC_Staff_sett_28" classname="com.ingenio.eprashasan.english.full.testsuits.development.Staff">
    <skipped/>
  </testcase> <!-- TC_Staff_sett_28 -->
  <testcase name="TC_Staff_sett_29" classname="com.ingenio.eprashasan.english.full.testsuits.development.Staff">
    <skipped/>
  </testcase> <!-- TC_Staff_sett_29 -->
  <testcase name="TC_Staff_sett_07" classname="com.ingenio.eprashasan.english.full.testsuits.development.Staff">
    <skipped/>
  </testcase> <!-- TC_Staff_sett_07 -->
  <testcase name="TC_Staff_sett_08" classname="com.ingenio.eprashasan.english.full.testsuits.development.Staff">
    <skipped/>
  </testcase> <!-- TC_Staff_sett_08 -->
  <testcase name="TC_Staff_sett_03" classname="com.ingenio.eprashasan.english.full.testsuits.development.Staff">
    <skipped/>
  </testcase> <!-- TC_Staff_sett_03 -->
  <testcase name="TC_Staff_sett_04" classname="com.ingenio.eprashasan.english.full.testsuits.development.Staff">
    <skipped/>
  </testcase> <!-- TC_Staff_sett_04 -->
  <testcase name="TC_Staff_sett_01" classname="com.ingenio.eprashasan.english.full.testsuits.development.Staff">
    <skipped/>
  </testcase> <!-- TC_Staff_sett_01 -->
  <testcase name="TC_Staff_sett_12" classname="com.ingenio.eprashasan.english.full.testsuits.development.Staff">
    <skipped/>
  </testcase> <!-- TC_Staff_sett_12 -->
  <testcase name="TC_Staff_sett_30" classname="com.ingenio.eprashasan.english.full.testsuits.development.Staff">
    <skipped/>
  </testcase> <!-- TC_Staff_sett_30 -->
  <testcase name="TC_Staff_sett_31" classname="com.ingenio.eprashasan.english.full.testsuits.development.Staff">
    <skipped/>
  </testcase> <!-- TC_Staff_sett_31 -->
  <testcase name="TC_Staff_sett_32" classname="com.ingenio.eprashasan.english.full.testsuits.development.Staff">
    <skipped/>
  </testcase> <!-- TC_Staff_sett_32 -->
  <testcase name="TC_Staff_sett_10" classname="com.ingenio.eprashasan.english.full.testsuits.development.Staff">
    <skipped/>
  </testcase> <!-- TC_Staff_sett_10 -->
  <testcase name="TC_Staff_sett_11" classname="com.ingenio.eprashasan.english.full.testsuits.development.Staff">
    <skipped/>
  </testcase> <!-- TC_Staff_sett_11 -->
  <testcase name="TC_Staff_sett_09" classname="com.ingenio.eprashasan.english.full.testsuits.development.Staff">
    <skipped/>
  </testcase> <!-- TC_Staff_sett_09 -->
</testsuite> <!-- com.ingenio.eprashasan.english.full.testsuits.development.Staff -->
