<?xml version="1.0" encoding="UTF-8"?>
<!-- Generated by org.testng.reporters.JUnitReportReporter -->
<testsuite name="com.ingenio.eprashasan.full.testsuits.development.SampleTestCase" tests="1" time="15.329" ignored="0" failures="0" timestamp="16 Mar 2018 17:44:01 GMT" skipped="0" hostname="DESKTOP-H3TU0K1" errors="0">
  <testcase name="Test_02" time="15.329" classname="com.ingenio.eprashasan.full.testsuits.development.SampleTestCase"/>
</testsuite> <!-- com.ingenio.eprashasan.full.testsuits.development.SampleTestCase -->
