<?xml version="1.0" encoding="UTF-8"?>
<!-- Generated by org.testng.reporters.JUnitReportReporter -->
<testsuite name="com.ingenio.eprashasan.english.full.testsuits.development.LOGIN" tests="1" time="10.033" ignored="5" failures="0" timestamp="10 May 2019 07:04:44 GMT" skipped="0" hostname="admin-PC" errors="0">
  <testcase name="TC_Login_06" time="10.033" classname="com.ingenio.eprashasan.english.full.testsuits.development.LOGIN"/>
  <testcase name="TC_Login_04" classname="com.ingenio.eprashasan.english.full.testsuits.development.LOGIN">
    <skipped/>
  </testcase> <!-- TC_Login_04 -->
  <testcase name="TC_Login_03" classname="com.ingenio.eprashasan.english.full.testsuits.development.LOGIN">
    <skipped/>
  </testcase> <!-- TC_Login_03 -->
  <testcase name="TC_Login_02" classname="com.ingenio.eprashasan.english.full.testsuits.development.LOGIN">
    <skipped/>
  </testcase> <!-- TC_Login_02 -->
  <testcase name="TC_Login_05" classname="com.ingenio.eprashasan.english.full.testsuits.development.LOGIN">
    <skipped/>
  </testcase> <!-- TC_Login_05 -->
  <testcase name="TC_Login_01" classname="com.ingenio.eprashasan.english.full.testsuits.development.LOGIN">
    <skipped/>
  </testcase> <!-- TC_Login_01 -->
</testsuite> <!-- com.ingenio.eprashasan.english.full.testsuits.development.LOGIN -->
